[2025-11-30 22:22:54,287] 23 root - INFO - 

------------------------------------------------------------------------------------------
[2025-11-30 22:22:54,287] 25 root - INFO - START OF: DATA INGESTION
[2025-11-30 22:22:54,287] 26 root - INFO - ------------------------------------------------------------------------------------------

[2025-11-30 22:22:54,287] 18 root - INFO - Initiating Data Ingestion
[2025-11-30 22:23:00,755] 85 root - INFO - Train-Test split completed. Train: 80.0% and Test: 20.0%

[2025-11-30 22:23:00,755] 86 root - INFO - Exited the `split_data_as_train_test` method of DataIngestion Class.
[2025-11-30 22:23:00,755] 90 root - INFO - Exporting the train and test data.
[2025-11-30 22:23:00,815] 93 root - INFO - Exporting training and testind data completed.
[2025-11-30 22:23:00,815] 20 root - INFO - Data Ingestion Artifacts:
DataIngestionArtifact(trained_file_path='Artifacts\\data_ingestion\\ingested\\train.csv', test_file_path='Artifacts\\data_ingestion\\ingested\\test.csv')
[2025-11-30 22:23:00,815] 21 root - INFO - Data Ingestion Completed with SUCCESS!!
[2025-11-30 22:23:00,822] 23 root - INFO - 

------------------------------------------------------------------------------------------
[2025-11-30 22:23:00,822] 25 root - INFO - START OF: DATA VALIDATION
[2025-11-30 22:23:00,823] 26 root - INFO - ------------------------------------------------------------------------------------------

[2025-11-30 22:23:00,823] 28 root - INFO - Initiating Data Validation:
[2025-11-30 22:23:00,823] 39 root - INFO - Reading data from: Artifacts\data_ingestion\ingested\train.csv
[2025-11-30 22:23:00,848] 39 root - INFO - Reading data from: Artifacts\data_ingestion\ingested\test.csv
[2025-11-30 22:23:00,875] 27 root - INFO - Required number of columns: 31
[2025-11-30 22:23:00,875] 28 root - INFO - The number of columns in the provided dataframe is: 31
[2025-11-30 22:23:00,875] 30 root - INFO - The number of columns matches.
[2025-11-30 22:23:00,875] 27 root - INFO - Required number of columns: 31
[2025-11-30 22:23:00,875] 28 root - INFO - The number of columns in the provided dataframe is: 31
[2025-11-30 22:23:00,875] 30 root - INFO - The number of columns matches.
