[2025-11-30 22:22:02,159] 23 root - INFO - 

------------------------------------------------------------------------------------------
[2025-11-30 22:22:02,159] 25 root - INFO - START OF: DATA INGESTION
[2025-11-30 22:22:02,159] 26 root - INFO - ------------------------------------------------------------------------------------------

[2025-11-30 22:22:02,159] 18 root - INFO - Initiating Data Ingestion
[2025-11-30 22:22:08,567] 85 root - INFO - Train-Test split completed. Train: 80.0% and Test: 20.0%

[2025-11-30 22:22:08,567] 86 root - INFO - Exited the `split_data_as_train_test` method of DataIngestion Class.
[2025-11-30 22:22:08,567] 90 root - INFO - Exporting the train and test data.
[2025-11-30 22:22:08,627] 93 root - INFO - Exporting training and testind data completed.
[2025-11-30 22:22:08,627] 20 root - INFO - Data Ingestion Artifacts:
DataIngestionArtifact(trained_file_path='Artifacts\\data_ingestion\\ingested\\train.csv', test_file_path='Artifacts\\data_ingestion\\ingested\\test.csv')
[2025-11-30 22:22:08,627] 21 root - INFO - Data Ingestion Completed with SUCCESS!!
[2025-11-30 22:22:08,645] 23 root - INFO - 

------------------------------------------------------------------------------------------
[2025-11-30 22:22:08,645] 25 root - INFO - START OF: DATA VALIDATION
[2025-11-30 22:22:08,645] 26 root - INFO - ------------------------------------------------------------------------------------------

[2025-11-30 22:22:08,645] 28 root - INFO - Initiating Data Validation:
[2025-11-30 22:22:08,645] 39 root - INFO - Reading data from: Artifacts\data_ingestion\ingested\train.csv
[2025-11-30 22:22:08,670] 39 root - INFO - Reading data from: Artifacts\data_ingestion\ingested\test.csv
[2025-11-30 22:22:08,695] 27 root - INFO - Required number of columns: 31
[2025-11-30 22:22:08,695] 28 root - INFO - The number of columns in the provided dataframe is: 31
[2025-11-30 22:22:08,695] 30 root - INFO - The number of columns matches.
[2025-11-30 22:22:08,695] 27 root - INFO - Required number of columns: 31
[2025-11-30 22:22:08,695] 28 root - INFO - The number of columns in the provided dataframe is: 31
[2025-11-30 22:22:08,695] 30 root - INFO - The number of columns matches.
