[2025-12-06 07:42:22,757] 23 root - INFO - 

------------------------------------------------------------------------------------------
[2025-12-06 07:42:22,757] 25 root - INFO - START OF: DATA INGESTION
[2025-12-06 07:42:22,757] 26 root - INFO - ------------------------------------------------------------------------------------------

[2025-12-06 07:42:22,757] 20 root - INFO - Initiating Data Ingestion
[2025-12-06 07:42:28,948] 85 root - INFO - Train-Test split completed. Train: 80.0% and Test: 20.0%

[2025-12-06 07:42:28,948] 86 root - INFO - Exited the `split_data_as_train_test` method of DataIngestion Class.
[2025-12-06 07:42:28,948] 90 root - INFO - Exporting the train and test data.
[2025-12-06 07:42:29,015] 93 root - INFO - Exporting training and testind data completed.
[2025-12-06 07:42:29,015] 22 root - INFO - Data Ingestion Artifacts:
DataIngestionArtifact(trained_file_path='Artifacts\\data_ingestion\\ingested\\train.csv', test_file_path='Artifacts\\data_ingestion\\ingested\\test.csv')
[2025-12-06 07:42:29,015] 23 root - INFO - Data Ingestion Completed with SUCCESS!!
[2025-12-06 07:42:29,023] 23 root - INFO - 

------------------------------------------------------------------------------------------
[2025-12-06 07:42:29,023] 25 root - INFO - START OF: DATA VALIDATION
[2025-12-06 07:42:29,023] 26 root - INFO - ------------------------------------------------------------------------------------------

[2025-12-06 07:42:29,023] 30 root - INFO - Initiating Data Validation:
[2025-12-06 07:42:29,023] 39 root - INFO - Reading data from: Artifacts\data_ingestion\ingested\train.csv
[2025-12-06 07:42:29,054] 39 root - INFO - Reading data from: Artifacts\data_ingestion\ingested\test.csv
[2025-12-06 07:42:29,077] 27 root - INFO - Required number of columns: 31
[2025-12-06 07:42:29,077] 28 root - INFO - The number of columns in the provided dataframe is: 31
[2025-12-06 07:42:29,077] 30 root - INFO - The number of columns matches.
[2025-12-06 07:42:29,077] 27 root - INFO - Required number of columns: 31
[2025-12-06 07:42:29,077] 28 root - INFO - The number of columns in the provided dataframe is: 31
[2025-12-06 07:42:29,077] 30 root - INFO - The number of columns matches.
[2025-12-06 07:42:29,223] 32 root - INFO - Data Validation artifacts:
DataValidationArtifact(validation_status=True, valid_train_file_path='Artifacts\\data_ingestion\\ingested\\train.csv', valid_test_file_path='Artifacts\\data_ingestion\\ingested\\test.csv', invalid_train_file_path=None, invalid_test_file_path=None, drift_report_file_path='Artifacts\\data_validation\\drift_report\\report.yaml')
[2025-12-06 07:42:29,223] 33 root - INFO - Data Validation Completed.
[2025-12-06 07:42:29,223] 23 root - INFO - 

------------------------------------------------------------------------------------------
[2025-12-06 07:42:29,223] 25 root - INFO - START OF: DATA TRANSFORMATION
[2025-12-06 07:42:29,224] 26 root - INFO - ------------------------------------------------------------------------------------------

[2025-12-06 07:42:29,224] 41 root - INFO - Initiating Data Transformation
[2025-12-06 07:42:29,224] 36 root - INFO - Entered initiate_data_transformation method of DataTransformation Class
[2025-12-06 07:42:29,224] 38 root - INFO - Starting Data Transformation
[2025-12-06 07:42:29,224] 39 root - INFO - Reading data from: Artifacts\data_ingestion\ingested\train.csv
[2025-12-06 07:42:29,239] 39 root - INFO - Reading data from: Artifacts\data_ingestion\ingested\test.csv
[2025-12-06 07:42:29,246] 25 root - INFO - Entered the get_data_transformer_object method of the DataTransformation Class
[2025-12-06 07:42:29,253] 47 root - INFO - Saving the NumPy array data at: Artifacts\data_transformation\transformed\train.npy
[2025-12-06 07:42:29,256] 47 root - INFO - Saving the NumPy array data at: Artifacts\data_transformation\transformed\test.npy
[2025-12-06 07:42:29,257] 59 root - INFO - Saving the object as .pkl file at: Artifacts\data_transformation\transformed_object\preprocessing.pkl
[2025-12-06 07:42:29,260] 43 root - INFO - Data Transformation COMPLETED. The data Transformation artifacts:
DataTransformationArtifact(transformed_object_file_path='Artifacts\\data_transformation\\transformed_object\\preprocessing.pkl', transformed_train_file_path='Artifacts\\data_transformation\\transformed\\train.npy', transformed_test_file_path='Artifacts\\data_transformation\\transformed\\test.npy')
